<?xml version="1.0" encoding="UTF-8"?>
<testsuite xmlns:xsi="http://www.w3.org/2001/XMLSchema-instance" xsi:noNamespaceSchemaLocation="https://maven.apache.org/surefire/maven-surefire-plugin/xsd/surefire-test-report-3.0.xsd" version="3.0" name="org.marelli.reportportal.TestBankLoadService" time="0.061" tests="3" errors="0" skipped="0" failures="0">
  <properties>
    <property name="sun.desktop" value="gnome"/>
    <property name="awt.toolkit" value="sun.awt.X11.XToolkit"/>
    <property name="java.specification.version" value="11"/>
    <property name="sun.cpu.isalist" value=""/>
    <property name="sun.jnu.encoding" value="UTF-8"/>
    <property name="java.class.path" value="/home/manoj/data/testanything/marelli/eclipse-workspace/reportportal-junit5/target/test-classes:/home/manoj/data/testanything/marelli/eclipse-workspace/reportportal-junit5/target/classes:/home/manoj/.m2/repository/org/junit/jupiter/junit-jupiter-api/5.7.0/junit-jupiter-api-5.7.0.jar:/home/manoj/.m2/repository/org/apiguardian/apiguardian-api/1.1.0/apiguardian-api-1.1.0.jar:/home/manoj/.m2/repository/org/opentest4j/opentest4j/1.2.0/opentest4j-1.2.0.jar:/home/manoj/.m2/repository/org/junit/platform/junit-platform-commons/1.7.0/junit-platform-commons-1.7.0.jar:/home/manoj/.m2/repository/org/junit/jupiter/junit-jupiter-params/5.7.0/junit-jupiter-params-5.7.0.jar:/home/manoj/.m2/repository/com/epam/reportportal/agent-java-junit/5.0.0/agent-java-junit-5.0.0.jar:/home/manoj/.m2/repository/com/epam/reportportal/client-java/5.0.18/client-java-5.0.18.jar:/home/manoj/.m2/repository/org/aspectj/aspectjweaver/1.9.2/aspectjweaver-1.9.2.jar:/home/manoj/.m2/repository/org/aspectj/aspectjrt/1.9.2/aspectjrt-1.9.2.jar:/home/manoj/.m2/repository/com/fasterxml/jackson/core/jackson-databind/2.9.9/jackson-databind-2.9.9.jar:/home/manoj/.m2/repository/com/fasterxml/jackson/core/jackson-core/2.9.9/jackson-core-2.9.9.jar:/home/manoj/.m2/repository/com/fasterxml/jackson/core/jackson-annotations/2.9.9/jackson-annotations-2.9.9.jar:/home/manoj/.m2/repository/io/reactivex/rxjava2/rxjava/2.2.10/rxjava-2.2.10.jar:/home/manoj/.m2/repository/org/reactivestreams/reactive-streams/1.0.2/reactive-streams-1.0.2.jar:/home/manoj/.m2/repository/org/apache/tika/tika-core/1.20/tika-core-1.20.jar:/home/manoj/.m2/repository/com/epam/reportportal/commons-model/5.0.0/commons-model-5.0.0.jar:/home/manoj/.m2/repository/io/swagger/swagger-annotations/1.5.24/swagger-annotations-1.5.24.jar:/home/manoj/.m2/repository/javax/validation/validation-api/2.0.1.Final/validation-api-2.0.1.Final.jar:/home/manoj/.m2/repository/org/apache/commons/commons-lang3/3.9/commons-lang3-3.9.jar:/home/manoj/.m2/repository/com/nordstrom/tools/junit-foundation/12.5.3/junit-foundation-12.5.3.jar:/home/manoj/.m2/repository/com/nordstrom/tools/java-utils/2.0.0/java-utils-2.0.0.jar:/home/manoj/.m2/repository/com/nordstrom/tools/settings/2.3.5/settings-2.3.5.jar:/home/manoj/.m2/repository/org/apache/commons/commons-configuration2/2.3/commons-configuration2-2.3.jar:/home/manoj/.m2/repository/commons-beanutils/commons-beanutils/1.9.4/commons-beanutils-1.9.4.jar:/home/manoj/.m2/repository/junit/junit/4.13.1/junit-4.13.1.jar:/home/manoj/.m2/repository/org/hamcrest/hamcrest-core/1.3/hamcrest-core-1.3.jar:/home/manoj/.m2/repository/net/bytebuddy/byte-buddy/1.10.3/byte-buddy-1.10.3.jar:/home/manoj/.m2/repository/com/google/guava/guava/30.1-android/guava-30.1-android.jar:/home/manoj/.m2/repository/com/google/guava/failureaccess/1.0.1/failureaccess-1.0.1.jar:/home/manoj/.m2/repository/com/google/guava/listenablefuture/9999.0-empty-to-avoid-conflict-with-guava/listenablefuture-9999.0-empty-to-avoid-conflict-with-guava.jar:/home/manoj/.m2/repository/org/checkerframework/checker-compat-qual/2.5.5/checker-compat-qual-2.5.5.jar:/home/manoj/.m2/repository/com/google/errorprone/error_prone_annotations/2.3.4/error_prone_annotations-2.3.4.jar:/home/manoj/.m2/repository/com/google/j2objc/j2objc-annotations/1.3/j2objc-annotations-1.3.jar:/home/manoj/.m2/repository/com/google/code/findbugs/jsr305/3.0.2/jsr305-3.0.2.jar:/home/manoj/.m2/repository/com/epam/reportportal/logger-java-logback/5.0.3/logger-java-logback-5.0.3.jar:/home/manoj/.m2/repository/ch/qos/logback/logback-classic/1.2.3/logback-classic-1.2.3.jar:/home/manoj/.m2/repository/ch/qos/logback/logback-core/1.2.3/logback-core-1.2.3.jar:/home/manoj/.m2/repository/org/slf4j/slf4j-api/1.7.25/slf4j-api-1.7.25.jar:/home/manoj/.m2/repository/com/epam/reportportal/logger-java-log4j/5.0.3/logger-java-log4j-5.0.3.jar:/home/manoj/.m2/repository/log4j/log4j/1.2.17/log4j-1.2.17.jar:/home/manoj/.m2/repository/org/apache/logging/log4j/log4j-api/2.12.1/log4j-api-2.12.1.jar:/home/manoj/.m2/repository/org/apache/logging/log4j/log4j-core/2.12.1/log4j-core-2.12.1.jar:/home/manoj/.m2/repository/org/apache/maven/plugins/maven-dependency-plugin/3.1.1/maven-dependency-plugin-3.1.1.jar:/home/manoj/.m2/repository/org/apache/maven/maven-artifact/3.0/maven-artifact-3.0.jar:/home/manoj/.m2/repository/org/apache/maven/maven-plugin-api/3.0/maven-plugin-api-3.0.jar:/home/manoj/.m2/repository/org/sonatype/sisu/sisu-inject-plexus/1.4.2/sisu-inject-plexus-1.4.2.jar:/home/manoj/.m2/repository/org/sonatype/sisu/sisu-inject-bean/1.4.2/sisu-inject-bean-1.4.2.jar:/home/manoj/.m2/repository/org/sonatype/sisu/sisu-guice/2.1.7/sisu-guice-2.1.7-noaop.jar:/home/manoj/.m2/repository/org/apache/maven/maven-model/3.0/maven-model-3.0.jar:/home/manoj/.m2/repository/org/apache/maven/maven-core/3.0/maven-core-3.0.jar:/home/manoj/.m2/repository/org/apache/maven/maven-settings/3.0/maven-settings-3.0.jar:/home/manoj/.m2/repository/org/apache/maven/maven-settings-builder/3.0/maven-settings-builder-3.0.jar:/home/manoj/.m2/repository/org/apache/maven/maven-model-builder/3.0/maven-model-builder-3.0.jar:/home/manoj/.m2/repository/org/apache/maven/maven-aether-provider/3.0/maven-aether-provider-3.0.jar:/home/manoj/.m2/repository/org/sonatype/aether/aether-impl/1.7/aether-impl-1.7.jar:/home/manoj/.m2/repository/org/sonatype/aether/aether-spi/1.7/aether-spi-1.7.jar:/home/manoj/.m2/repository/org/sonatype/aether/aether-api/1.7/aether-api-1.7.jar:/home/manoj/.m2/repository/org/sonatype/aether/aether-util/1.7/aether-util-1.7.jar:/home/manoj/.m2/repository/org/codehaus/plexus/plexus-interpolation/1.14/plexus-interpolation-1.14.jar:/home/manoj/.m2/repository/org/codehaus/plexus/plexus-classworlds/2.2.3/plexus-classworlds-2.2.3.jar:/home/manoj/.m2/repository/org/codehaus/plexus/plexus-component-annotations/1.5.5/plexus-component-annotations-1.5.5.jar:/home/manoj/.m2/repository/org/sonatype/plexus/plexus-sec-dispatcher/1.3/plexus-sec-dispatcher-1.3.jar:/home/manoj/.m2/repository/org/sonatype/plexus/plexus-cipher/1.4/plexus-cipher-1.4.jar:/home/manoj/.m2/repository/org/apache/maven/maven-repository-metadata/3.0/maven-repository-metadata-3.0.jar:/home/manoj/.m2/repository/org/apache/maven/reporting/maven-reporting-api/3.0/maven-reporting-api-3.0.jar:/home/manoj/.m2/repository/org/apache/maven/reporting/maven-reporting-impl/2.3/maven-reporting-impl-2.3.jar:/home/manoj/.m2/repository/org/apache/maven/doxia/doxia-core/1.2/doxia-core-1.2.jar:/home/manoj/.m2/repository/xerces/xercesImpl/2.9.1/xercesImpl-2.9.1.jar:/home/manoj/.m2/repository/xml-apis/xml-apis/1.3.04/xml-apis-1.3.04.jar:/home/manoj/.m2/repository/org/apache/httpcomponents/httpclient/4.0.2/httpclient-4.0.2.jar:/home/manoj/.m2/repository/org/apache/httpcomponents/httpcore/4.0.1/httpcore-4.0.1.jar:/home/manoj/.m2/repository/commons-validator/commons-validator/1.3.1/commons-validator-1.3.1.jar:/home/manoj/.m2/repository/commons-digester/commons-digester/1.6/commons-digester-1.6.jar:/home/manoj/.m2/repository/commons-logging/commons-logging/1.0.4/commons-logging-1.0.4.jar:/home/manoj/.m2/repository/commons-io/commons-io/2.5/commons-io-2.5.jar:/home/manoj/.m2/repository/org/apache/maven/doxia/doxia-sink-api/1.4/doxia-sink-api-1.4.jar:/home/manoj/.m2/repository/org/apache/maven/doxia/doxia-logging-api/1.4/doxia-logging-api-1.4.jar:/home/manoj/.m2/repository/org/apache/maven/doxia/doxia-site-renderer/1.4/doxia-site-renderer-1.4.jar:/home/manoj/.m2/repository/org/apache/maven/doxia/doxia-decoration-model/1.4/doxia-decoration-model-1.4.jar:/home/manoj/.m2/repository/org/apache/maven/doxia/doxia-module-xhtml/1.4/doxia-module-xhtml-1.4.jar:/home/manoj/.m2/repository/org/apache/maven/doxia/doxia-module-fml/1.4/doxia-module-fml-1.4.jar:/home/manoj/.m2/repository/org/codehaus/plexus/plexus-i18n/1.0-beta-7/plexus-i18n-1.0-beta-7.jar:/home/manoj/.m2/repository/org/codehaus/plexus/plexus-container-default/1.0-alpha-30/plexus-container-default-1.0-alpha-30.jar:/home/manoj/.m2/repository/org/codehaus/plexus/plexus-velocity/1.1.7/plexus-velocity-1.1.7.jar:/home/manoj/.m2/repository/org/apache/velocity/velocity/1.5/velocity-1.5.jar:/home/manoj/.m2/repository/oro/oro/2.0.8/oro-2.0.8.jar:/home/manoj/.m2/repository/org/apache/velocity/velocity-tools/2.0/velocity-tools-2.0.jar:/home/manoj/.m2/repository/commons-chain/commons-chain/1.1/commons-chain-1.1.jar:/home/manoj/.m2/repository/dom4j/dom4j/1.1/dom4j-1.1.jar:/home/manoj/.m2/repository/sslext/sslext/1.2-0/sslext-1.2-0.jar:/home/manoj/.m2/repository/org/apache/struts/struts-core/1.3.8/struts-core-1.3.8.jar:/home/manoj/.m2/repository/antlr/antlr/2.7.2/antlr-2.7.2.jar:/home/manoj/.m2/repository/org/apache/struts/struts-taglib/1.3.8/struts-taglib-1.3.8.jar:/home/manoj/.m2/repository/org/apache/struts/struts-tiles/1.3.8/struts-tiles-1.3.8.jar:/home/manoj/.m2/repository/org/codehaus/plexus/plexus-archiver/3.6.0/plexus-archiver-3.6.0.jar:/home/manoj/.m2/repository/org/apache/commons/commons-compress/1.16.1/commons-compress-1.16.1.jar:/home/manoj/.m2/repository/org/objenesis/objenesis/2.6/objenesis-2.6.jar:/home/manoj/.m2/repository/org/iq80/snappy/snappy/0.4/snappy-0.4.jar:/home/manoj/.m2/repository/org/tukaani/xz/1.8/xz-1.8.jar:/home/manoj/.m2/repository/org/codehaus/plexus/plexus-utils/3.1.0/plexus-utils-3.1.0.jar:/home/manoj/.m2/repository/org/apache/maven/shared/file-management/3.0.0/file-management-3.0.0.jar:/home/manoj/.m2/repository/org/apache/maven/shared/maven-shared-io/3.0.0/maven-shared-io-3.0.0.jar:/home/manoj/.m2/repository/org/apache/maven/maven-compat/3.0/maven-compat-3.0.jar:/home/manoj/.m2/repository/org/apache/maven/wagon/wagon-provider-api/2.10/wagon-provider-api-2.10.jar:/home/manoj/.m2/repository/org/codehaus/plexus/plexus-io/3.0.0/plexus-io-3.0.0.jar:/home/manoj/.m2/repository/org/apache/maven/shared/maven-dependency-analyzer/1.10/maven-dependency-analyzer-1.10.jar:/home/manoj/.m2/repository/org/ow2/asm/asm/6.1.1/asm-6.1.1.jar:/home/manoj/.m2/repository/org/apache/maven/shared/maven-dependency-tree/3.0.1/maven-dependency-tree-3.0.1.jar:/home/manoj/.m2/repository/org/eclipse/aether/aether-util/0.9.0.M2/aether-util-0.9.0.M2.jar:/home/manoj/.m2/repository/org/apache/maven/shared/maven-common-artifact-filters/3.0.1/maven-common-artifact-filters-3.0.1.jar:/home/manoj/.m2/repository/org/apache/maven/shared/maven-artifact-transfer/0.9.1/maven-artifact-transfer-0.9.1.jar:/home/manoj/.m2/repository/commons-codec/commons-codec/1.6/commons-codec-1.6.jar:/home/manoj/.m2/repository/org/apache/maven/shared/maven-shared-utils/3.2.0/maven-shared-utils-3.2.0.jar:/home/manoj/.m2/repository/commons-lang/commons-lang/2.6/commons-lang-2.6.jar:/home/manoj/.m2/repository/commons-collections/commons-collections/3.2.2/commons-collections-3.2.2.jar:/home/manoj/.m2/repository/classworlds/classworlds/1.1/classworlds-1.1.jar:"/>
    <property name="java.vm.vendor" value="Ubuntu"/>
    <property name="sun.arch.data.model" value="64"/>
    <property name="java.vendor.url" value="https://ubuntu.com/"/>
    <property name="user.timezone" value="Asia/Kolkata"/>
    <property name="java.vm.specification.version" value="11"/>
    <property name="os.name" value="Linux"/>
    <property name="sun.java.launcher" value="SUN_STANDARD"/>
    <property name="user.country" value="IN"/>
    <property name="sun.boot.library.path" value="/usr/lib/jvm/java-11-openjdk-amd64/lib"/>
    <property name="sun.java.command" value="/home/manoj/data/testanything/marelli/eclipse-workspace/reportportal-junit5/target/surefire/surefirebooter4940325937309834179.jar /home/manoj/data/testanything/marelli/eclipse-workspace/reportportal-junit5/target/surefire 2021-08-06T21-46-10_931-jvmRun1 surefire4585716636032001238tmp surefire_09744337154556143098tmp"/>
    <property name="jdk.debug" value="release"/>
    <property name="surefire.test.class.path" value="/home/manoj/data/testanything/marelli/eclipse-workspace/reportportal-junit5/target/test-classes:/home/manoj/data/testanything/marelli/eclipse-workspace/reportportal-junit5/target/classes:/home/manoj/.m2/repository/org/junit/jupiter/junit-jupiter-api/5.7.0/junit-jupiter-api-5.7.0.jar:/home/manoj/.m2/repository/org/apiguardian/apiguardian-api/1.1.0/apiguardian-api-1.1.0.jar:/home/manoj/.m2/repository/org/opentest4j/opentest4j/1.2.0/opentest4j-1.2.0.jar:/home/manoj/.m2/repository/org/junit/platform/junit-platform-commons/1.7.0/junit-platform-commons-1.7.0.jar:/home/manoj/.m2/repository/org/junit/jupiter/junit-jupiter-params/5.7.0/junit-jupiter-params-5.7.0.jar:/home/manoj/.m2/repository/com/epam/reportportal/agent-java-junit/5.0.0/agent-java-junit-5.0.0.jar:/home/manoj/.m2/repository/com/epam/reportportal/client-java/5.0.18/client-java-5.0.18.jar:/home/manoj/.m2/repository/org/aspectj/aspectjweaver/1.9.2/aspectjweaver-1.9.2.jar:/home/manoj/.m2/repository/org/aspectj/aspectjrt/1.9.2/aspectjrt-1.9.2.jar:/home/manoj/.m2/repository/com/fasterxml/jackson/core/jackson-databind/2.9.9/jackson-databind-2.9.9.jar:/home/manoj/.m2/repository/com/fasterxml/jackson/core/jackson-core/2.9.9/jackson-core-2.9.9.jar:/home/manoj/.m2/repository/com/fasterxml/jackson/core/jackson-annotations/2.9.9/jackson-annotations-2.9.9.jar:/home/manoj/.m2/repository/io/reactivex/rxjava2/rxjava/2.2.10/rxjava-2.2.10.jar:/home/manoj/.m2/repository/org/reactivestreams/reactive-streams/1.0.2/reactive-streams-1.0.2.jar:/home/manoj/.m2/repository/org/apache/tika/tika-core/1.20/tika-core-1.20.jar:/home/manoj/.m2/repository/com/epam/reportportal/commons-model/5.0.0/commons-model-5.0.0.jar:/home/manoj/.m2/repository/io/swagger/swagger-annotations/1.5.24/swagger-annotations-1.5.24.jar:/home/manoj/.m2/repository/javax/validation/validation-api/2.0.1.Final/validation-api-2.0.1.Final.jar:/home/manoj/.m2/repository/org/apache/commons/commons-lang3/3.9/commons-lang3-3.9.jar:/home/manoj/.m2/repository/com/nordstrom/tools/junit-foundation/12.5.3/junit-foundation-12.5.3.jar:/home/manoj/.m2/repository/com/nordstrom/tools/java-utils/2.0.0/java-utils-2.0.0.jar:/home/manoj/.m2/repository/com/nordstrom/tools/settings/2.3.5/settings-2.3.5.jar:/home/manoj/.m2/repository/org/apache/commons/commons-configuration2/2.3/commons-configuration2-2.3.jar:/home/manoj/.m2/repository/commons-beanutils/commons-beanutils/1.9.4/commons-beanutils-1.9.4.jar:/home/manoj/.m2/repository/junit/junit/4.13.1/junit-4.13.1.jar:/home/manoj/.m2/repository/org/hamcrest/hamcrest-core/1.3/hamcrest-core-1.3.jar:/home/manoj/.m2/repository/net/bytebuddy/byte-buddy/1.10.3/byte-buddy-1.10.3.jar:/home/manoj/.m2/repository/com/google/guava/guava/30.1-android/guava-30.1-android.jar:/home/manoj/.m2/repository/com/google/guava/failureaccess/1.0.1/failureaccess-1.0.1.jar:/home/manoj/.m2/repository/com/google/guava/listenablefuture/9999.0-empty-to-avoid-conflict-with-guava/listenablefuture-9999.0-empty-to-avoid-conflict-with-guava.jar:/home/manoj/.m2/repository/org/checkerframework/checker-compat-qual/2.5.5/checker-compat-qual-2.5.5.jar:/home/manoj/.m2/repository/com/google/errorprone/error_prone_annotations/2.3.4/error_prone_annotations-2.3.4.jar:/home/manoj/.m2/repository/com/google/j2objc/j2objc-annotations/1.3/j2objc-annotations-1.3.jar:/home/manoj/.m2/repository/com/google/code/findbugs/jsr305/3.0.2/jsr305-3.0.2.jar:/home/manoj/.m2/repository/com/epam/reportportal/logger-java-logback/5.0.3/logger-java-logback-5.0.3.jar:/home/manoj/.m2/repository/ch/qos/logback/logback-classic/1.2.3/logback-classic-1.2.3.jar:/home/manoj/.m2/repository/ch/qos/logback/logback-core/1.2.3/logback-core-1.2.3.jar:/home/manoj/.m2/repository/org/slf4j/slf4j-api/1.7.25/slf4j-api-1.7.25.jar:/home/manoj/.m2/repository/com/epam/reportportal/logger-java-log4j/5.0.3/logger-java-log4j-5.0.3.jar:/home/manoj/.m2/repository/log4j/log4j/1.2.17/log4j-1.2.17.jar:/home/manoj/.m2/repository/org/apache/logging/log4j/log4j-api/2.12.1/log4j-api-2.12.1.jar:/home/manoj/.m2/repository/org/apache/logging/log4j/log4j-core/2.12.1/log4j-core-2.12.1.jar:/home/manoj/.m2/repository/org/apache/maven/plugins/maven-dependency-plugin/3.1.1/maven-dependency-plugin-3.1.1.jar:/home/manoj/.m2/repository/org/apache/maven/maven-artifact/3.0/maven-artifact-3.0.jar:/home/manoj/.m2/repository/org/apache/maven/maven-plugin-api/3.0/maven-plugin-api-3.0.jar:/home/manoj/.m2/repository/org/sonatype/sisu/sisu-inject-plexus/1.4.2/sisu-inject-plexus-1.4.2.jar:/home/manoj/.m2/repository/org/sonatype/sisu/sisu-inject-bean/1.4.2/sisu-inject-bean-1.4.2.jar:/home/manoj/.m2/repository/org/sonatype/sisu/sisu-guice/2.1.7/sisu-guice-2.1.7-noaop.jar:/home/manoj/.m2/repository/org/apache/maven/maven-model/3.0/maven-model-3.0.jar:/home/manoj/.m2/repository/org/apache/maven/maven-core/3.0/maven-core-3.0.jar:/home/manoj/.m2/repository/org/apache/maven/maven-settings/3.0/maven-settings-3.0.jar:/home/manoj/.m2/repository/org/apache/maven/maven-settings-builder/3.0/maven-settings-builder-3.0.jar:/home/manoj/.m2/repository/org/apache/maven/maven-model-builder/3.0/maven-model-builder-3.0.jar:/home/manoj/.m2/repository/org/apache/maven/maven-aether-provider/3.0/maven-aether-provider-3.0.jar:/home/manoj/.m2/repository/org/sonatype/aether/aether-impl/1.7/aether-impl-1.7.jar:/home/manoj/.m2/repository/org/sonatype/aether/aether-spi/1.7/aether-spi-1.7.jar:/home/manoj/.m2/repository/org/sonatype/aether/aether-api/1.7/aether-api-1.7.jar:/home/manoj/.m2/repository/org/sonatype/aether/aether-util/1.7/aether-util-1.7.jar:/home/manoj/.m2/repository/org/codehaus/plexus/plexus-interpolation/1.14/plexus-interpolation-1.14.jar:/home/manoj/.m2/repository/org/codehaus/plexus/plexus-classworlds/2.2.3/plexus-classworlds-2.2.3.jar:/home/manoj/.m2/repository/org/codehaus/plexus/plexus-component-annotations/1.5.5/plexus-component-annotations-1.5.5.jar:/home/manoj/.m2/repository/org/sonatype/plexus/plexus-sec-dispatcher/1.3/plexus-sec-dispatcher-1.3.jar:/home/manoj/.m2/repository/org/sonatype/plexus/plexus-cipher/1.4/plexus-cipher-1.4.jar:/home/manoj/.m2/repository/org/apache/maven/maven-repository-metadata/3.0/maven-repository-metadata-3.0.jar:/home/manoj/.m2/repository/org/apache/maven/reporting/maven-reporting-api/3.0/maven-reporting-api-3.0.jar:/home/manoj/.m2/repository/org/apache/maven/reporting/maven-reporting-impl/2.3/maven-reporting-impl-2.3.jar:/home/manoj/.m2/repository/org/apache/maven/doxia/doxia-core/1.2/doxia-core-1.2.jar:/home/manoj/.m2/repository/xerces/xercesImpl/2.9.1/xercesImpl-2.9.1.jar:/home/manoj/.m2/repository/xml-apis/xml-apis/1.3.04/xml-apis-1.3.04.jar:/home/manoj/.m2/repository/org/apache/httpcomponents/httpclient/4.0.2/httpclient-4.0.2.jar:/home/manoj/.m2/repository/org/apache/httpcomponents/httpcore/4.0.1/httpcore-4.0.1.jar:/home/manoj/.m2/repository/commons-validator/commons-validator/1.3.1/commons-validator-1.3.1.jar:/home/manoj/.m2/repository/commons-digester/commons-digester/1.6/commons-digester-1.6.jar:/home/manoj/.m2/repository/commons-logging/commons-logging/1.0.4/commons-logging-1.0.4.jar:/home/manoj/.m2/repository/commons-io/commons-io/2.5/commons-io-2.5.jar:/home/manoj/.m2/repository/org/apache/maven/doxia/doxia-sink-api/1.4/doxia-sink-api-1.4.jar:/home/manoj/.m2/repository/org/apache/maven/doxia/doxia-logging-api/1.4/doxia-logging-api-1.4.jar:/home/manoj/.m2/repository/org/apache/maven/doxia/doxia-site-renderer/1.4/doxia-site-renderer-1.4.jar:/home/manoj/.m2/repository/org/apache/maven/doxia/doxia-decoration-model/1.4/doxia-decoration-model-1.4.jar:/home/manoj/.m2/repository/org/apache/maven/doxia/doxia-module-xhtml/1.4/doxia-module-xhtml-1.4.jar:/home/manoj/.m2/repository/org/apache/maven/doxia/doxia-module-fml/1.4/doxia-module-fml-1.4.jar:/home/manoj/.m2/repository/org/codehaus/plexus/plexus-i18n/1.0-beta-7/plexus-i18n-1.0-beta-7.jar:/home/manoj/.m2/repository/org/codehaus/plexus/plexus-container-default/1.0-alpha-30/plexus-container-default-1.0-alpha-30.jar:/home/manoj/.m2/repository/org/codehaus/plexus/plexus-velocity/1.1.7/plexus-velocity-1.1.7.jar:/home/manoj/.m2/repository/org/apache/velocity/velocity/1.5/velocity-1.5.jar:/home/manoj/.m2/repository/oro/oro/2.0.8/oro-2.0.8.jar:/home/manoj/.m2/repository/org/apache/velocity/velocity-tools/2.0/velocity-tools-2.0.jar:/home/manoj/.m2/repository/commons-chain/commons-chain/1.1/commons-chain-1.1.jar:/home/manoj/.m2/repository/dom4j/dom4j/1.1/dom4j-1.1.jar:/home/manoj/.m2/repository/sslext/sslext/1.2-0/sslext-1.2-0.jar:/home/manoj/.m2/repository/org/apache/struts/struts-core/1.3.8/struts-core-1.3.8.jar:/home/manoj/.m2/repository/antlr/antlr/2.7.2/antlr-2.7.2.jar:/home/manoj/.m2/repository/org/apache/struts/struts-taglib/1.3.8/struts-taglib-1.3.8.jar:/home/manoj/.m2/repository/org/apache/struts/struts-tiles/1.3.8/struts-tiles-1.3.8.jar:/home/manoj/.m2/repository/org/codehaus/plexus/plexus-archiver/3.6.0/plexus-archiver-3.6.0.jar:/home/manoj/.m2/repository/org/apache/commons/commons-compress/1.16.1/commons-compress-1.16.1.jar:/home/manoj/.m2/repository/org/objenesis/objenesis/2.6/objenesis-2.6.jar:/home/manoj/.m2/repository/org/iq80/snappy/snappy/0.4/snappy-0.4.jar:/home/manoj/.m2/repository/org/tukaani/xz/1.8/xz-1.8.jar:/home/manoj/.m2/repository/org/codehaus/plexus/plexus-utils/3.1.0/plexus-utils-3.1.0.jar:/home/manoj/.m2/repository/org/apache/maven/shared/file-management/3.0.0/file-management-3.0.0.jar:/home/manoj/.m2/repository/org/apache/maven/shared/maven-shared-io/3.0.0/maven-shared-io-3.0.0.jar:/home/manoj/.m2/repository/org/apache/maven/maven-compat/3.0/maven-compat-3.0.jar:/home/manoj/.m2/repository/org/apache/maven/wagon/wagon-provider-api/2.10/wagon-provider-api-2.10.jar:/home/manoj/.m2/repository/org/codehaus/plexus/plexus-io/3.0.0/plexus-io-3.0.0.jar:/home/manoj/.m2/repository/org/apache/maven/shared/maven-dependency-analyzer/1.10/maven-dependency-analyzer-1.10.jar:/home/manoj/.m2/repository/org/ow2/asm/asm/6.1.1/asm-6.1.1.jar:/home/manoj/.m2/repository/org/apache/maven/shared/maven-dependency-tree/3.0.1/maven-dependency-tree-3.0.1.jar:/home/manoj/.m2/repository/org/eclipse/aether/aether-util/0.9.0.M2/aether-util-0.9.0.M2.jar:/home/manoj/.m2/repository/org/apache/maven/shared/maven-common-artifact-filters/3.0.1/maven-common-artifact-filters-3.0.1.jar:/home/manoj/.m2/repository/org/apache/maven/shared/maven-artifact-transfer/0.9.1/maven-artifact-transfer-0.9.1.jar:/home/manoj/.m2/repository/commons-codec/commons-codec/1.6/commons-codec-1.6.jar:/home/manoj/.m2/repository/org/apache/maven/shared/maven-shared-utils/3.2.0/maven-shared-utils-3.2.0.jar:/home/manoj/.m2/repository/commons-lang/commons-lang/2.6/commons-lang-2.6.jar:/home/manoj/.m2/repository/commons-collections/commons-collections/3.2.2/commons-collections-3.2.2.jar:/home/manoj/.m2/repository/classworlds/classworlds/1.1/classworlds-1.1.jar:"/>
    <property name="sun.cpu.endian" value="little"/>
    <property name="user.home" value="/home/manoj"/>
    <property name="user.language" value="en"/>
    <property name="java.specification.vendor" value="Oracle Corporation"/>
    <property name="java.version.date" value="2021-04-20"/>
    <property name="java.home" value="/usr/lib/jvm/java-11-openjdk-amd64"/>
    <property name="file.separator" value="/"/>
    <property name="basedir" value="/home/manoj/data/testanything/marelli/eclipse-workspace/reportportal-junit5"/>
    <property name="java.vm.compressedOopsMode" value="32-bit"/>
    <property name="line.separator" value="&#10;"/>
    <property name="java.specification.name" value="Java Platform API Specification"/>
    <property name="java.vm.specification.vendor" value="Oracle Corporation"/>
    <property name="java.awt.graphicsenv" value="sun.awt.X11GraphicsEnvironment"/>
    <property name="surefire.real.class.path" value="/home/manoj/data/testanything/marelli/eclipse-workspace/reportportal-junit5/target/surefire/surefirebooter4940325937309834179.jar"/>
    <property name="sun.management.compiler" value="HotSpot 64-Bit Tiered Compilers"/>
    <property name="java.runtime.version" value="11.0.11+9-Ubuntu-0ubuntu2.18.04"/>
    <property name="user.name" value="manoj"/>
    <property name="path.separator" value=":"/>
    <property name="os.version" value="5.4.0-80-generic"/>
    <property name="java.runtime.name" value="OpenJDK Runtime Environment"/>
    <property name="file.encoding" value="UTF-8"/>
    <property name="java.vm.name" value="OpenJDK 64-Bit Server VM"/>
    <property name="localRepository" value="/home/manoj/.m2/repository"/>
    <property name="java.vendor.url.bug" value="https://bugs.launchpad.net/ubuntu/+source/openjdk-lts"/>
    <property name="java.io.tmpdir" value="/tmp"/>
    <property name="java.version" value="11.0.11"/>
    <property name="user.dir" value="/home/manoj/data/testanything/marelli/eclipse-workspace/reportportal-junit5"/>
    <property name="os.arch" value="amd64"/>
    <property name="java.vm.specification.name" value="Java Virtual Machine Specification"/>
    <property name="java.awt.printerjob" value="sun.print.PSPrinterJob"/>
    <property name="sun.os.patch.level" value="unknown"/>
    <property name="java.library.path" value="/usr/java/packages/lib:/usr/lib/x86_64-linux-gnu/jni:/lib/x86_64-linux-gnu:/usr/lib/x86_64-linux-gnu:/usr/lib/jni:/lib:/usr/lib"/>
    <property name="java.vm.info" value="mixed mode, sharing"/>
    <property name="java.vendor" value="Ubuntu"/>
    <property name="java.vm.version" value="11.0.11+9-Ubuntu-0ubuntu2.18.04"/>
    <property name="sun.io.unicode.encoding" value="UnicodeLittle"/>
    <property name="java.class.version" value="55.0"/>
  </properties>
  <testcase name="testcalcSimpleInterstAmount3WithInvalidInputs" classname="org.marelli.reportportal.TestBankLoadService" time="0.021"/>
  <testcase name="testcalcSimpleInterstAmount2WithBigNumber" classname="org.marelli.reportportal.TestBankLoadService" time="0.004"/>
  <testcase name="testcalcSimpleInterstAmount5WithForNoExceptions" classname="org.marelli.reportportal.TestBankLoadService" time="0.002"/>
</testsuite>